# JRE version: Java(TM) SE Runtime Environment (8.0_201-b09) (build 1.8.0_201-b09)
# Java VM: Java HotSpot(TM) 64-Bit Server VM (25.201-b09 mixed mode windows-amd64 compressed oops)
Heap:
 PSYoungGen      total 454144K, used 62380K [0x00000000d5900000, 0x00000000f3880000, 0x0000000100000000)
  eden space 431616K, 10% used [0x00000000d5900000,0x00000000d870e468,0x00000000efe80000)
  from space 22528K, 67% used [0x00000000f2280000,0x00000000f315cd88,0x00000000f3880000)
  to   space 29696K, 0% used [0x00000000efe80000,0x00000000efe80000,0x00000000f1b80000)
 ParOldGen       total 99328K, used 64617K [0x0000000080a00000, 0x0000000086b00000, 0x00000000d5900000)
  object space 99328K, 65% used [0x0000000080a00000,0x000000008491a4e0,0x0000000086b00000)
 Metaspace       used 35519K, capacity 35955K, committed 36140K, reserved 1081344K
  class space    used 4718K, capacity 4864K, committed 4908K, reserved 1048576K
GC Heap History (10 events):
Event: 7.453 GC heap before
{Heap before GC invocations=12 (full 1):
 PSYoungGen      total 214528K, used 41088K [0x00000000d5900000, 0x00000000e7500000, 0x0000000100000000)
  eden space 184320K, 5% used [0x00000000d5900000,0x00000000d63bb580,0x00000000e0d00000)
  from space 30208K, 99% used [0x00000000e5780000,0x00000000e74e4dc8,0x00000000e7500000)
  to   space 34816K, 0% used [0x00000000e3100000,0x00000000e3100000,0x00000000e5300000)
 ParOldGen       total 87552K, used 45799K [0x0000000080a00000, 0x0000000085f80000, 0x00000000d5900000)
  object space 87552K, 52% used [0x0000000080a00000,0x00000000836b9e58,0x0000000085f80000)
 Metaspace       used 22448K, capacity 22746K, committed 22828K, reserved 1069056K
  class space    used 2722K, capacity 2838K, committed 2860K, reserved 1048576K
Event: 7.474 GC heap after
Heap after GC invocations=12 (full 1):
 PSYoungGen      total 256000K, used 12961K [0x00000000d5900000, 0x00000000eb900000, 0x0000000100000000)
  eden space 221184K, 0% used [0x00000000d5900000,0x00000000d5900000,0x00000000e3100000)
  from space 34816K, 37% used [0x00000000e3100000,0x00000000e3da85b8,0x00000000e5300000)
  to   space 32768K, 0% used [0x00000000e9900000,0x00000000e9900000,0x00000000eb900000)
 ParOldGen       total 87552K, used 61435K [0x0000000080a00000, 0x0000000085f80000, 0x00000000d5900000)
  object space 87552K, 70% used [0x0000000080a00000,0x00000000845fefc8,0x0000000085f80000)
 Metaspace       used 22448K, capacity 22746K, committed 22828K, reserved 1069056K
  class space    used 2722K, capacity 2838K, committed 2860K, reserved 1048576K
}
Event: 7.474 GC heap before
{Heap before GC invocations=13 (full 2):
 PSYoungGen      total 256000K, used 12961K [0x00000000d5900000, 0x00000000eb900000, 0x0000000100000000)
  eden space 221184K, 0% used [0x00000000d5900000,0x00000000d5900000,0x00000000e3100000)
  from space 34816K, 37% used [0x00000000e3100000,0x00000000e3da85b8,0x00000000e5300000)
  to   space 32768K, 0% used [0x00000000e9900000,0x00000000e9900000,0x00000000eb900000)
 ParOldGen       total 87552K, used 61435K [0x0000000080a00000, 0x0000000085f80000, 0x00000000d5900000)
  object space 87552K, 70% used [0x0000000080a00000,0x00000000845fefc8,0x0000000085f80000)
 Metaspace       used 22448K, capacity 22746K, committed 22828K, reserved 1069056K
  class space    used 2722K, capacity 2838K, committed 2860K, reserved 1048576K
Event: 7.538 GC heap after
Heap after GC invocations=13 (full 2):
 PSYoungGen      total 256000K, used 0K [0x00000000d5900000, 0x00000000eb900000, 0x0000000100000000)
  eden space 221184K, 0% used [0x00000000d5900000,0x00000000d5900000,0x00000000e3100000)
  from space 34816K, 0% used [0x00000000e3100000,0x00000000e3100000,0x00000000e5300000)
  to   space 32768K, 0% used [0x00000000e9900000,0x00000000e9900000,0x00000000eb900000)
 ParOldGen       total 99328K, used 44746K [0x0000000080a00000, 0x0000000086b00000, 0x00000000d5900000)
  object space 99328K, 45% used [0x0000000080a00000,0x00000000835b2948,0x0000000086b00000)
 Metaspace       used 22448K, capacity 22746K, committed 22828K, reserved 1069056K
  class space    used 2722K, capacity 2838K, committed 2860K, reserved 1048576K
}
Event: 13.342 GC heap before
{Heap before GC invocations=14 (full 2):
 PSYoungGen      total 256000K, used 221184K [0x00000000d5900000, 0x00000000eb900000, 0x0000000100000000)
  eden space 221184K, 100% used [0x00000000d5900000,0x00000000e3100000,0x00000000e3100000)
  from space 34816K, 0% used [0x00000000e3100000,0x00000000e3100000,0x00000000e5300000)
  to   space 32768K, 0% used [0x00000000e9900000,0x00000000e9900000,0x00000000eb900000)
 ParOldGen       total 99328K, used 44746K [0x0000000080a00000, 0x0000000086b00000, 0x00000000d5900000)
  object space 99328K, 45% used [0x0000000080a00000,0x00000000835b2948,0x0000000086b00000)
 Metaspace       used 26278K, capacity 26618K, committed 26924K, reserved 1073152K
  class space    used 3264K, capacity 3360K, committed 3372K, reserved 1048576K
Event: 13.381 GC heap after
Heap after GC invocations=14 (full 2):
 PSYoungGen      total 328704K, used 9825K [0x00000000d5900000, 0x00000000ed680000, 0x0000000100000000)
  eden space 295936K, 0% used [0x00000000d5900000,0x00000000d5900000,0x00000000e7a00000)
  from space 32768K, 29% used [0x00000000e9900000,0x00000000ea298738,0x00000000eb900000)
  to   space 31744K, 0% used [0x00000000e7a00000,0x00000000e7a00000,0x00000000e9900000)
 ParOldGen       total 99328K, used 44754K [0x0000000080a00000, 0x0000000086b00000, 0x00000000d5900000)
  object space 99328K, 45% used [0x0000000080a00000,0x00000000835b4948,0x0000000086b00000)
 Metaspace       used 26278K, capacity 26618K, committed 26924K, reserved 1073152K
  class space    used 3264K, capacity 3360K, committed 3372K, reserved 1048576K
}
Event: 14.452 GC heap before
{Heap before GC invocations=15 (full 2):
 PSYoungGen      total 328704K, used 305761K [0x00000000d5900000, 0x00000000ed680000, 0x0000000100000000)
  eden space 295936K, 100% used [0x00000000d5900000,0x00000000e7a00000,0x00000000e7a00000)
  from space 32768K, 29% used [0x00000000e9900000,0x00000000ea298738,0x00000000eb900000)
  to   space 31744K, 0% used [0x00000000e7a00000,0x00000000e7a00000,0x00000000e9900000)
 ParOldGen       total 99328K, used 44754K [0x0000000080a00000, 0x0000000086b00000, 0x00000000d5900000)
  object space 99328K, 45% used [0x0000000080a00000,0x00000000835b4948,0x0000000086b00000)
 Metaspace       used 28823K, capacity 29146K, committed 29356K, reserved 1075200K
  class space    used 3809K, capacity 3904K, committed 4012K, reserved 1048576K
Event: 14.511 GC heap after
Heap after GC invocations=15 (full 2):
 PSYoungGen      total 327680K, used 15769K [0x00000000d5900000, 0x00000000f4080000, 0x0000000100000000)
  eden space 295936K, 0% used [0x00000000d5900000,0x00000000d5900000,0x00000000e7a00000)
  from space 31744K, 49% used [0x00000000e7a00000,0x00000000e89666e0,0x00000000e9900000)
  to   space 30720K, 0% used [0x00000000f2280000,0x00000000f2280000,0x00000000f4080000)
 ParOldGen       total 99328K, used 51390K [0x0000000080a00000, 0x0000000086b00000, 0x00000000d5900000)
  object space 99328K, 51% used [0x0000000080a00000,0x0000000083c2fb78,0x0000000086b00000)
 Metaspace       used 28823K, capacity 29146K, committed 29356K, reserved 1075200K
  class space    used 3809K, capacity 3904K, committed 4012K, reserved 1048576K
}
Event: 16.112 GC heap before
{Heap before GC invocations=16 (full 2):
 PSYoungGen      total 327680K, used 311705K [0x00000000d5900000, 0x00000000f4080000, 0x0000000100000000)
  eden space 295936K, 100% used [0x00000000d5900000,0x00000000e7a00000,0x00000000e7a00000)
  from space 31744K, 49% used [0x00000000e7a00000,0x00000000e89666e0,0x00000000e9900000)
  to   space 30720K, 0% used [0x00000000f2280000,0x00000000f2280000,0x00000000f4080000)
 ParOldGen       total 99328K, used 51390K [0x0000000080a00000, 0x0000000086b00000, 0x00000000d5900000)
  object space 99328K, 51% used [0x0000000080a00000,0x0000000083c2fb78,0x0000000086b00000)
 Metaspace       used 33252K, capacity 33600K, committed 33964K, reserved 1079296K
  class space    used 4545K, capacity 4664K, committed 4780K, reserved 1048576K
Event: 16.135 GC heap after
Heap after GC invocations=16 (full 2):
 PSYoungGen      total 454144K, used 15219K [0x00000000d5900000, 0x00000000f3880000, 0x0000000100000000)
  eden space 431616K, 0% used [0x00000000d5900000,0x00000000d5900000,0x00000000efe80000)
  from space 22528K, 67% used [0x00000000f2280000,0x00000000f315cd88,0x00000000f3880000)
  to   space 29696K, 0% used [0x00000000efe80000,0x00000000efe80000,0x00000000f1b80000)
 ParOldGen       total 99328K, used 64617K [0x0000000080a00000, 0x0000000086b00000, 0x00000000d5900000)
  object space 99328K, 65% used [0x0000000080a00000,0x000000008491a4e0,0x0000000086b00000)
 Metaspace       used 33252K, capacity 33600K, committed 33964K, reserved 1079296K
  class space    used 4545K, capacity 4664K, committed 4780K, reserved 1048576K
}

