# JRE version: Java(TM) SE Runtime Environment (8.0_201-b09) (build 1.8.0_201-b09)
# Java VM: Java HotSpot(TM) 64-Bit Server VM (25.201-b09 mixed mode windows-amd64 compressed oops)
Heap:
 PSYoungGen      total 653824K, used 558869K [0x00000000d5900000, 0x0000000100000000, 0x0000000100000000)
  eden space 613376K, 91% used [0x00000000d5900000,0x00000000f7ac55a0,0x00000000fb000000)
  from space 40448K, 0% used [0x00000000fb000000,0x00000000fb000000,0x00000000fd780000)
  to   space 40448K, 79% used [0x00000000fd880000,0x00000000ff7f85c0,0x0000000100000000)
 ParOldGen       total 236544K, used 130489K [0x0000000080a00000, 0x000000008f100000, 0x00000000d5900000)
  object space 236544K, 55% used [0x0000000080a00000,0x000000008896e778,0x000000008f100000)
 Metaspace       used 58596K, capacity 59588K, committed 59992K, reserved 1101824K
  class space    used 7413K, capacity 7673K, committed 7768K, reserved 1048576K
GC Heap History (10 events):
Event: 34.771 GC heap after
Heap after GC invocations=25 (full 4):
 PSYoungGen      total 507392K, used 0K [0x00000000d5900000, 0x0000000100000000, 0x0000000100000000)
  eden space 479744K, 0% used [0x00000000d5900000,0x00000000d5900000,0x00000000f2d80000)
  from space 27648K, 0% used [0x00000000f2d80000,0x00000000f2d80000,0x00000000f4880000)
  to   space 41472K, 0% used [0x00000000fd780000,0x00000000fd780000,0x0000000100000000)
 ParOldGen       total 236544K, used 140056K [0x0000000080a00000, 0x000000008f100000, 0x00000000d5900000)
  object space 236544K, 59% used [0x0000000080a00000,0x00000000892c6020,0x000000008f100000)
 Metaspace       used 48965K, capacity 49830K, committed 50136K, reserved 1093632K
  class space    used 6271K, capacity 6530K, committed 6616K, reserved 1048576K
}
Event: 96.256 GC heap before
{Heap before GC invocations=26 (full 4):
 PSYoungGen      total 507392K, used 419881K [0x00000000d5900000, 0x0000000100000000, 0x0000000100000000)
  eden space 479744K, 87% used [0x00000000d5900000,0x00000000ef30a698,0x00000000f2d80000)
  from space 27648K, 0% used [0x00000000f2d80000,0x00000000f2d80000,0x00000000f4880000)
  to   space 41472K, 0% used [0x00000000fd780000,0x00000000fd780000,0x0000000100000000)
 ParOldGen       total 236544K, used 140056K [0x0000000080a00000, 0x000000008f100000, 0x00000000d5900000)
  object space 236544K, 59% used [0x0000000080a00000,0x00000000892c6020,0x000000008f100000)
 Metaspace       used 51691K, capacity 52566K, committed 52952K, reserved 1095680K
  class space    used 6536K, capacity 6768K, committed 6872K, reserved 1048576K
Event: 96.262 GC heap after
Heap after GC invocations=26 (full 4):
 PSYoungGen      total 654848K, used 6581K [0x00000000d5900000, 0x0000000100000000, 0x0000000100000000)
  eden space 613376K, 0% used [0x00000000d5900000,0x00000000d5900000,0x00000000fb000000)
  from space 41472K, 15% used [0x00000000fd780000,0x00000000fdded760,0x0000000100000000)
  to   space 40448K, 0% used [0x00000000fb000000,0x00000000fb000000,0x00000000fd780000)
 ParOldGen       total 236544K, used 140064K [0x0000000080a00000, 0x000000008f100000, 0x00000000d5900000)
  object space 236544K, 59% used [0x0000000080a00000,0x00000000892c8020,0x000000008f100000)
 Metaspace       used 51691K, capacity 52566K, committed 52952K, reserved 1095680K
  class space    used 6536K, capacity 6768K, committed 6872K, reserved 1048576K
}
Event: 96.262 GC heap before
{Heap before GC invocations=27 (full 5):
 PSYoungGen      total 654848K, used 6581K [0x00000000d5900000, 0x0000000100000000, 0x0000000100000000)
  eden space 613376K, 0% used [0x00000000d5900000,0x00000000d5900000,0x00000000fb000000)
  from space 41472K, 15% used [0x00000000fd780000,0x00000000fdded760,0x0000000100000000)
  to   space 40448K, 0% used [0x00000000fb000000,0x00000000fb000000,0x00000000fd780000)
 ParOldGen       total 236544K, used 140064K [0x0000000080a00000, 0x000000008f100000, 0x00000000d5900000)
  object space 236544K, 59% used [0x0000000080a00000,0x00000000892c8020,0x000000008f100000)
 Metaspace       used 51691K, capacity 52566K, committed 52952K, reserved 1095680K
  class space    used 6536K, capacity 6768K, committed 6872K, reserved 1048576K
Event: 96.697 GC heap after
Heap after GC invocations=27 (full 5):
 PSYoungGen      total 654848K, used 0K [0x00000000d5900000, 0x0000000100000000, 0x0000000100000000)
  eden space 613376K, 0% used [0x00000000d5900000,0x00000000d5900000,0x00000000fb000000)
  from space 41472K, 0% used [0x00000000fd780000,0x00000000fd780000,0x0000000100000000)
  to   space 40448K, 0% used [0x00000000fb000000,0x00000000fb000000,0x00000000fd780000)
 ParOldGen       total 236544K, used 130481K [0x0000000080a00000, 0x000000008f100000, 0x00000000d5900000)
  object space 236544K, 55% used [0x0000000080a00000,0x000000008896c778,0x000000008f100000)
 Metaspace       used 51691K, capacity 52566K, committed 52952K, reserved 1095680K
  class space    used 6536K, capacity 6768K, committed 6872K, reserved 1048576K
}
Event: 96.697 GC heap before
{Heap before GC invocations=28 (full 5):
 PSYoungGen      total 654848K, used 0K [0x00000000d5900000, 0x0000000100000000, 0x0000000100000000)
  eden space 613376K, 0% used [0x00000000d5900000,0x00000000d5900000,0x00000000fb000000)
  from space 41472K, 0% used [0x00000000fd780000,0x00000000fd780000,0x0000000100000000)
  to   space 40448K, 0% used [0x00000000fb000000,0x00000000fb000000,0x00000000fd780000)
 ParOldGen       total 236544K, used 130481K [0x0000000080a00000, 0x000000008f100000, 0x00000000d5900000)
  object space 236544K, 55% used [0x0000000080a00000,0x000000008896c778,0x000000008f100000)
 Metaspace       used 51691K, capacity 52566K, committed 52952K, reserved 1095680K
  class space    used 6536K, capacity 6768K, committed 6872K, reserved 1048576K
Event: 96.716 GC heap after
Heap after GC invocations=28 (full 5):
 PSYoungGen      total 653824K, used 0K [0x00000000d5900000, 0x0000000100000000, 0x0000000100000000)
  eden space 613376K, 0% used [0x00000000d5900000,0x00000000d5900000,0x00000000fb000000)
  from space 40448K, 0% used [0x00000000fb000000,0x00000000fb000000,0x00000000fd780000)
  to   space 40448K, 0% used [0x00000000fd880000,0x00000000fd880000,0x0000000100000000)
 ParOldGen       total 236544K, used 130481K [0x0000000080a00000, 0x000000008f100000, 0x00000000d5900000)
  object space 236544K, 55% used [0x0000000080a00000,0x000000008896c778,0x000000008f100000)
 Metaspace       used 51691K, capacity 52566K, committed 52952K, reserved 1095680K
  class space    used 6536K, capacity 6768K, committed 6872K, reserved 1048576K
}
Event: 96.716 GC heap before
{Heap before GC invocations=29 (full 6):
 PSYoungGen      total 653824K, used 0K [0x00000000d5900000, 0x0000000100000000, 0x0000000100000000)
  eden space 613376K, 0% used [0x00000000d5900000,0x00000000d5900000,0x00000000fb000000)
  from space 40448K, 0% used [0x00000000fb000000,0x00000000fb000000,0x00000000fd780000)
  to   space 40448K, 0% used [0x00000000fd880000,0x00000000fd880000,0x0000000100000000)
 ParOldGen       total 236544K, used 130481K [0x0000000080a00000, 0x000000008f100000, 0x00000000d5900000)
  object space 236544K, 55% used [0x0000000080a00000,0x000000008896c778,0x000000008f100000)
 Metaspace       used 51691K, capacity 52566K, committed 52952K, reserved 1095680K
  class space    used 6536K, capacity 6768K, committed 6872K, reserved 1048576K
Event: 96.817 GC heap after
Heap after GC invocations=29 (full 6):
 PSYoungGen      total 653824K, used 0K [0x00000000d5900000, 0x0000000100000000, 0x0000000100000000)
  eden space 613376K, 0% used [0x00000000d5900000,0x00000000d5900000,0x00000000fb000000)
  from space 40448K, 0% used [0x00000000fb000000,0x00000000fb000000,0x00000000fd780000)
  to   space 40448K, 0% used [0x00000000fd880000,0x00000000fd880000,0x0000000100000000)
 ParOldGen       total 236544K, used 130481K [0x0000000080a00000, 0x000000008f100000, 0x00000000d5900000)
  object space 236544K, 55% used [0x0000000080a00000,0x000000008896c778,0x000000008f100000)
 Metaspace       used 51691K, capacity 52566K, committed 52952K, reserved 1095680K
  class space    used 6536K, capacity 6768K, committed 6872K, reserved 1048576K
}
Event: 103.699 GC heap before
{Heap before GC invocations=30 (full 6):
 PSYoungGen      total 653824K, used 558869K [0x00000000d5900000, 0x0000000100000000, 0x0000000100000000)
  eden space 613376K, 91% used [0x00000000d5900000,0x00000000f7ac55a0,0x00000000fb000000)
  from space 40448K, 0% used [0x00000000fb000000,0x00000000fb000000,0x00000000fd780000)
  to   space 40448K, 0% used [0x00000000fd880000,0x00000000fd880000,0x0000000100000000)
 ParOldGen       total 236544K, used 130481K [0x0000000080a00000, 0x000000008f100000, 0x00000000d5900000)
  object space 236544K, 55% used [0x0000000080a00000,0x000000008896c778,0x000000008f100000)
 Metaspace       used 58596K, capacity 59588K, committed 59992K, reserved 1101824K
  class space    used 7413K, capacity 7673K, committed 7768K, reserved 1048576K

